TN:
SF:src\Alert\index.tsx
FN:24,Alert
FNF:1
FNH:1
FNDA:3,Alert
DA:1,1
DA:2,1
DA:3,1
DA:4,1
DA:5,1
DA:6,1
DA:7,1
DA:8,1
DA:9,1
DA:10,1
DA:11,1
DA:12,1
DA:13,1
DA:14,1
DA:15,1
DA:16,1
DA:17,1
DA:18,1
DA:19,1
DA:20,1
DA:21,1
DA:22,1
DA:23,1
DA:24,1
DA:25,3
DA:26,3
DA:27,3
DA:28,3
DA:29,3
DA:30,3
DA:31,3
DA:32,3
DA:33,3
DA:34,3
DA:35,3
DA:36,3
DA:37,3
DA:38,3
DA:39,3
DA:40,1
DA:41,1
DA:42,1
DA:43,1
DA:44,1
DA:45,1
DA:46,1
LF:46
LH:46
BRDA:4,0,0,1
BRDA:24,1,0,3
BRDA:35,2,0,0
BRDA:35,3,0,2
BRF:4
BRH:3
end_of_record
TN:
SF:src\AutoComplete\index.tsx
FN:22,AutoComplete
FN:61,highlight
FN:68,handleKeyDown
FN:88,handleChange
FN:93,handleSelect
FN:101,renderTemplate
FN:104,generateDropdown
FN:112,onClick
FNF:8
FNH:6
FNDA:20,AutoComplete
FNDA:0,highlight
FNDA:0,handleKeyDown
FNDA:3,handleChange
FNDA:1,handleSelect
FNDA:9,renderTemplate
FNDA:3,generateDropdown
FNDA:1,onClick
DA:1,1
DA:2,1
DA:3,1
DA:4,1
DA:5,1
DA:6,1
DA:7,1
DA:8,1
DA:9,1
DA:10,1
DA:11,1
DA:12,1
DA:13,1
DA:14,1
DA:15,1
DA:16,1
DA:17,1
DA:18,1
DA:19,1
DA:20,1
DA:21,1
DA:22,1
DA:23,20
DA:24,20
DA:25,20
DA:26,20
DA:27,20
DA:28,20
DA:29,20
DA:30,20
DA:31,20
DA:32,20
DA:33,20
DA:34,20
DA:35,20
DA:36,20
DA:37,20
DA:38,20
DA:39,20
DA:40,20
DA:41,20
DA:42,20
DA:43,7
DA:44,3
DA:45,3
DA:46,3
DA:47,3
DA:48,3
DA:49,3
DA:50,3
DA:51,3
DA:52,3
DA:53,0
DA:54,0
DA:55,7
DA:56,4
DA:57,4
DA:58,7
DA:59,20
DA:60,20
DA:61,20
DA:62,0
DA:63,0
DA:64,0
DA:65,0
DA:66,0
DA:67,0
DA:68,20
DA:69,0
DA:70,0
DA:71,0
DA:72,0
DA:73,0
DA:74,0
DA:75,0
DA:76,0
DA:77,0
DA:78,0
DA:79,0
DA:80,0
DA:81,0
DA:82,0
DA:83,0
DA:84,0
DA:85,0
DA:86,0
DA:87,0
DA:88,20
DA:89,3
DA:90,3
DA:91,3
DA:92,3
DA:93,20
DA:94,1
DA:95,1
DA:96,1
DA:97,1
DA:98,1
DA:99,1
DA:100,1
DA:101,20
DA:102,9
DA:103,9
DA:104,20
DA:105,3
DA:106,3
DA:107,3
DA:108,9
DA:109,9
DA:110,9
DA:111,9
DA:112,9
DA:113,9
DA:114,9
DA:115,9
DA:116,9
DA:117,9
DA:118,3
DA:119,3
DA:120,3
DA:121,3
DA:122,20
DA:123,20
DA:124,20
DA:125,20
DA:126,20
DA:127,20
DA:128,20
DA:129,20
DA:130,20
DA:131,20
DA:132,2
DA:133,2
DA:134,20
DA:135,20
DA:136,20
DA:137,20
DA:138,20
DA:139,1
DA:140,1
DA:141,1
DA:142,1
DA:143,1
DA:144,1
LF:144
LH:117
BRDA:22,0,0,20
BRDA:39,1,0,0
BRDA:131,2,0,2
BRDA:135,3,0,3
BRDA:42,4,0,7
BRDA:43,5,0,3
BRDA:43,6,0,3
BRDA:52,7,0,0
BRDA:55,8,0,4
BRDA:48,9,0,3
BRDA:88,10,0,3
BRDA:93,11,0,1
BRDA:101,12,0,9
BRDA:102,13,0,0
BRDA:104,14,0,3
BRDA:107,15,0,9
BRDA:112,16,0,1
BRF:17
BRH:14
end_of_record
TN:
SF:src\Avatar\index.tsx
FN:32,Avatar
FNF:1
FNH:1
FNDA:3,Avatar
DA:1,1
DA:2,1
DA:3,1
DA:4,1
DA:5,1
DA:6,1
DA:7,1
DA:8,1
DA:9,1
DA:10,1
DA:11,1
DA:12,1
DA:13,1
DA:14,1
DA:15,1
DA:16,1
DA:17,1
DA:18,1
DA:19,1
DA:20,1
DA:21,1
DA:22,1
DA:23,1
DA:24,1
DA:25,1
DA:26,1
DA:27,1
DA:28,1
DA:29,1
DA:30,1
DA:31,1
DA:32,1
DA:33,3
DA:34,3
DA:35,3
DA:36,3
DA:37,3
DA:38,3
DA:39,3
DA:40,3
DA:41,3
DA:42,3
DA:43,3
DA:44,3
DA:45,1
DA:46,1
DA:47,1
DA:48,1
DA:49,1
DA:50,1
DA:51,1
LF:51
LH:51
BRDA:5,0,0,1
BRDA:10,1,0,1
BRDA:32,2,0,3
BRDA:41,3,0,2
BRDA:41,4,0,1
BRF:5
BRH:5
end_of_record
TN:
SF:src\Breadcrumb\index.tsx
FN:19,Breadcrumb
FNF:1
FNH:1
FNDA:4,Breadcrumb
DA:1,1
DA:2,1
DA:3,1
DA:4,1
DA:5,1
DA:6,1
DA:7,1
DA:8,1
DA:9,1
DA:10,1
DA:11,1
DA:12,1
DA:13,1
DA:14,1
DA:15,1
DA:16,1
DA:17,1
DA:18,1
DA:19,1
DA:20,4
DA:21,4
DA:22,4
DA:23,4
DA:24,4
DA:25,4
DA:26,6
DA:27,6
DA:28,6
DA:29,6
DA:30,6
DA:31,6
DA:32,6
DA:33,6
DA:34,6
DA:35,6
DA:36,4
DA:37,4
DA:38,4
DA:39,4
DA:40,4
DA:41,1
DA:42,1
DA:43,1
DA:44,1
DA:45,1
DA:46,1
LF:46
LH:46
BRDA:19,0,0,4
BRDA:25,1,0,3
BRDA:25,2,0,0
BRDA:25,3,0,3
BRDA:25,4,0,6
BRDA:33,5,0,3
BRF:6
BRH:5
end_of_record
TN:
SF:src\Button\index.tsx
FN:34,Button
FNF:1
FNH:1
FNDA:4,Button
DA:1,1
DA:2,1
DA:3,1
DA:4,1
DA:5,1
DA:6,1
DA:7,1
DA:8,1
DA:9,1
DA:10,1
DA:11,1
DA:12,1
DA:13,1
DA:14,1
DA:15,1
DA:16,1
DA:17,1
DA:18,1
DA:19,1
DA:20,1
DA:21,1
DA:22,1
DA:23,1
DA:24,1
DA:25,1
DA:26,1
DA:27,1
DA:28,1
DA:29,1
DA:30,1
DA:31,1
DA:32,1
DA:33,1
DA:34,1
DA:35,4
DA:36,4
DA:37,4
DA:38,4
DA:39,4
DA:40,4
DA:41,4
DA:42,4
DA:43,1
DA:44,1
DA:45,1
DA:46,1
DA:47,1
DA:48,1
DA:49,1
DA:50,1
DA:51,1
DA:52,4
DA:53,3
DA:54,3
DA:55,3
DA:56,3
DA:57,3
DA:58,3
DA:59,3
DA:60,3
DA:61,3
DA:62,3
DA:63,4
DA:64,1
DA:65,1
DA:66,1
DA:67,1
DA:68,1
DA:69,1
DA:70,1
LF:70
LH:70
BRDA:5,0,0,1
BRDA:10,1,0,1
BRDA:34,2,0,4
BRDA:40,3,0,1
BRDA:42,4,0,1
BRDA:42,5,0,1
BRDA:52,6,0,3
BRF:7
BRH:7
end_of_record
TN:
SF:src\Divider\index.tsx
FN:24,Divider
FNF:1
FNH:1
FNDA:2,Divider
DA:1,1
DA:2,1
DA:3,1
DA:4,1
DA:5,1
DA:6,1
DA:7,1
DA:8,1
DA:9,1
DA:10,1
DA:11,1
DA:12,1
DA:13,1
DA:14,1
DA:15,1
DA:16,1
DA:17,1
DA:18,1
DA:19,1
DA:20,1
DA:21,1
DA:22,1
DA:23,1
DA:24,1
DA:25,2
DA:26,2
DA:27,2
DA:28,2
DA:29,2
DA:30,2
DA:31,2
DA:32,2
DA:33,2
DA:34,2
DA:35,2
DA:36,1
DA:37,1
DA:38,1
DA:39,1
DA:40,1
DA:41,1
LF:41
LH:41
BRDA:6,0,0,1
BRDA:24,1,0,2
BRDA:32,2,0,1
BRF:3
BRH:3
end_of_record
TN:
SF:src\Drawer\index.tsx
FN:34,Drawer
FN:65,closeFunction
FNF:2
FNH:2
FNDA:3,Drawer
FNDA:1,closeFunction
DA:1,1
DA:2,1
DA:3,1
DA:4,1
DA:5,1
DA:6,1
DA:7,1
DA:8,1
DA:9,1
DA:10,1
DA:11,1
DA:12,1
DA:13,1
DA:14,1
DA:15,1
DA:16,1
DA:17,1
DA:18,1
DA:19,1
DA:20,1
DA:21,1
DA:22,1
DA:23,1
DA:24,1
DA:25,1
DA:26,1
DA:27,1
DA:28,1
DA:29,1
DA:30,1
DA:31,1
DA:32,1
DA:33,1
DA:34,3
DA:35,3
DA:36,3
DA:37,3
DA:38,3
DA:39,3
DA:40,3
DA:41,3
DA:42,3
DA:43,3
DA:44,3
DA:45,3
DA:46,3
DA:47,3
DA:48,3
DA:49,3
DA:50,3
DA:51,3
DA:52,3
DA:53,3
DA:54,3
DA:55,3
DA:56,3
DA:57,3
DA:58,3
DA:59,3
DA:60,3
DA:61,3
DA:62,3
DA:63,3
DA:64,3
DA:65,3
DA:66,1
DA:67,1
DA:68,3
DA:69,3
DA:70,3
DA:71,3
DA:72,3
DA:73,3
DA:74,3
DA:75,3
DA:76,3
DA:77,3
DA:78,3
DA:79,3
DA:80,3
DA:81,3
DA:82,3
DA:83,3
DA:84,3
DA:85,3
DA:86,3
DA:87,3
DA:88,3
DA:89,1
DA:90,1
DA:91,1
DA:92,1
DA:93,1
DA:94,1
DA:95,1
DA:96,1
DA:97,1
DA:98,1
DA:99,1
LF:99
LH:99
BRDA:7,0,0,1
BRDA:34,1,0,3
BRDA:71,2,0,0
BRDA:71,3,0,2
BRDA:71,4,0,0
BRDA:71,5,0,0
BRDA:71,6,0,0
BRDA:71,7,0,0
BRDA:72,8,0,0
BRDA:72,9,0,0
BRDA:78,10,0,0
BRDA:78,11,0,2
BRDA:65,12,0,1
BRDA:66,13,0,0
BRF:14
BRH:5
end_of_record
TN:
SF:src\Dropdown\index.tsx
FN:8,Dropdown
FN:13,onClick
FN:16,onMouseLeave
FNF:3
FNH:3
FNDA:3,Dropdown
FNDA:1,onClick
FNDA:1,onMouseLeave
DA:1,1
DA:2,1
DA:3,1
DA:4,1
DA:5,1
DA:6,1
DA:7,1
DA:8,1
DA:9,3
DA:10,3
DA:11,3
DA:12,3
DA:13,3
DA:14,3
DA:15,1
DA:16,1
DA:17,1
DA:18,1
DA:19,3
DA:20,3
DA:21,3
DA:22,1
DA:23,1
DA:24,3
DA:25,3
DA:26,3
DA:27,3
DA:28,1
DA:29,1
LF:29
LH:29
BRDA:8,0,0,3
BRDA:14,1,0,1
BRDA:13,2,0,1
BRDA:16,3,0,1
BRDA:18,4,0,3
BRF:5
BRH:5
end_of_record
TN:
SF:src\Icon\index.tsx
FN:17,Icon
FNF:1
FNH:1
FNDA:8,Icon
DA:1,1
DA:2,1
DA:3,1
DA:4,1
DA:5,1
DA:6,1
DA:7,1
DA:8,1
DA:9,1
DA:10,1
DA:11,1
DA:12,1
DA:13,1
DA:14,1
DA:15,1
DA:16,1
DA:17,1
DA:18,8
DA:19,8
DA:20,8
DA:21,8
DA:22,8
DA:23,8
DA:24,8
DA:25,8
DA:26,8
DA:27,8
DA:28,8
DA:29,8
DA:30,1
DA:31,1
LF:31
LH:31
BRDA:17,0,0,8
BRF:1
BRH:1
end_of_record
TN:
SF:src\Input\index.tsx
FN:28,Input
FN:43,fixControlledValue
FNF:2
FNH:2
FNDA:23,Input
FNDA:20,fixControlledValue
DA:1,1
DA:2,1
DA:3,1
DA:4,1
DA:5,1
DA:6,1
DA:7,1
DA:8,1
DA:9,1
DA:10,1
DA:11,1
DA:12,1
DA:13,1
DA:14,1
DA:15,1
DA:16,1
DA:17,1
DA:18,1
DA:19,1
DA:20,1
DA:21,1
DA:22,1
DA:23,1
DA:24,1
DA:25,1
DA:26,1
DA:27,1
DA:28,1
DA:29,23
DA:30,23
DA:31,23
DA:32,23
DA:33,23
DA:34,23
DA:35,23
DA:36,23
DA:37,23
DA:38,23
DA:39,23
DA:40,23
DA:41,23
DA:42,23
DA:43,23
DA:44,20
DA:45,8
DA:46,8
DA:47,12
DA:48,23
DA:49,23
DA:50,20
DA:51,20
DA:52,20
DA:53,23
DA:54,23
DA:55,23
DA:56,23
DA:57,23
DA:58,23
DA:59,0
DA:60,0
DA:61,0
DA:62,23
DA:63,23
DA:64,23
DA:65,23
DA:66,23
DA:67,1
DA:68,1
DA:69,1
DA:70,1
DA:71,1
DA:72,1
DA:73,1
LF:73
LH:70
BRDA:28,0,0,23
BRDA:35,1,0,0
BRDA:49,2,0,20
BRDA:56,3,0,0
BRDA:57,4,0,0
BRDA:57,5,0,0
BRDA:57,6,0,0
BRDA:57,7,0,0
BRDA:58,8,0,0
BRDA:58,9,0,0
BRDA:63,10,0,0
BRDA:43,11,0,20
BRDA:44,12,0,12
BRDA:44,13,0,8
BRDA:47,14,0,12
BRF:15
BRH:6
end_of_record
TN:
SF:src\Menu\index.tsx
FN:31,Menu
FN:38,handleClick
FN:50,renderChildren
FNF:3
FNH:3
FNDA:6,Menu
FNDA:2,handleClick
FNDA:6,renderChildren
DA:1,1
DA:2,1
DA:3,1
DA:4,1
DA:5,1
DA:6,1
DA:7,1
DA:8,1
DA:9,1
DA:10,1
DA:11,1
DA:12,1
DA:13,1
DA:14,1
DA:15,1
DA:16,1
DA:17,1
DA:18,1
DA:19,1
DA:20,1
DA:21,1
DA:22,1
DA:23,1
DA:24,1
DA:25,1
DA:26,1
DA:27,1
DA:28,1
DA:29,1
DA:30,1
DA:31,1
DA:32,6
DA:33,6
DA:34,6
DA:35,6
DA:36,6
DA:37,6
DA:38,6
DA:39,2
DA:40,2
DA:41,2
DA:42,2
DA:43,2
DA:44,6
DA:45,6
DA:46,6
DA:47,6
DA:48,6
DA:49,6
DA:50,6
DA:51,6
DA:52,24
DA:53,24
DA:54,24
DA:55,24
DA:56,24
DA:57,24
DA:58,24
DA:59,0
DA:60,0
DA:61,6
DA:62,6
DA:63,6
DA:64,6
DA:65,6
DA:66,6
DA:67,6
DA:68,6
DA:69,6
DA:70,6
DA:71,1
DA:72,1
DA:73,1
DA:74,1
DA:75,1
DA:76,1
DA:77,1
LF:77
LH:75
BRDA:31,0,0,6
BRDA:45,1,0,0
BRDA:38,2,0,2
BRDA:50,3,0,6
BRDA:51,4,0,24
BRDA:54,5,0,6
BRDA:58,6,0,0
BRF:7
BRH:5
end_of_record
TN:
SF:src\Menu\menuItem.tsx
FN:15,MenuItem
FN:22,handleClick
FNF:2
FNH:2
FNDA:18,MenuItem
FNDA:2,handleClick
DA:1,1
DA:2,1
DA:3,1
DA:4,1
DA:5,1
DA:6,1
DA:7,1
DA:8,1
DA:9,1
DA:10,1
DA:11,1
DA:12,1
DA:13,1
DA:14,1
DA:15,1
DA:16,18
DA:17,18
DA:18,18
DA:19,18
DA:20,18
DA:21,18
DA:22,18
DA:23,2
DA:24,2
DA:25,2
DA:26,2
DA:27,18
DA:28,18
DA:29,18
DA:30,18
DA:31,18
DA:32,18
DA:33,1
DA:34,1
DA:35,1
LF:35
LH:35
BRDA:15,0,0,18
BRDA:22,1,0,2
BRF:2
BRH:2
end_of_record
TN:
SF:src\Menu\subMenu.tsx
FN:17,SubMenu
FN:27,handleClick
FN:32,handleMouse
FN:43,onMouseEnter
FN:44,onMouseLeave
FN:46,renderChildren
FNF:6
FNH:2
FNDA:6,SubMenu
FNDA:0,handleClick
FNDA:0,handleMouse
FNDA:0,onMouseEnter
FNDA:0,onMouseLeave
FNDA:6,renderChildren
DA:1,1
DA:2,1
DA:3,1
DA:4,1
DA:5,1
DA:6,1
DA:7,1
DA:8,1
DA:9,1
DA:10,1
DA:11,1
DA:12,1
DA:13,1
DA:14,1
DA:15,1
DA:16,1
DA:17,1
DA:18,6
DA:19,6
DA:20,6
DA:21,6
DA:22,6
DA:23,6
DA:24,6
DA:25,6
DA:26,6
DA:27,6
DA:28,0
DA:29,0
DA:30,0
DA:31,6
DA:32,6
DA:33,0
DA:34,0
DA:35,0
DA:36,0
DA:37,0
DA:38,0
DA:39,6
DA:40,1
DA:41,6
DA:42,6
DA:43,5
DA:44,5
DA:45,6
DA:46,6
DA:47,6
DA:48,6
DA:49,6
DA:50,6
DA:51,6
DA:52,6
DA:53,12
DA:54,12
DA:55,12
DA:56,12
DA:57,12
DA:58,12
DA:59,0
DA:60,0
DA:61,6
DA:62,6
DA:63,6
DA:64,6
DA:65,6
DA:66,6
DA:67,6
DA:68,6
DA:69,6
DA:70,6
DA:71,6
DA:72,6
DA:73,6
DA:74,6
DA:75,6
DA:76,6
DA:77,6
DA:78,6
DA:79,6
DA:80,6
DA:81,6
DA:82,6
DA:83,6
DA:84,6
DA:85,6
DA:86,1
DA:87,1
DA:88,1
LF:88
LH:77
BRDA:17,0,0,6
BRDA:20,1,0,1
BRDA:20,2,0,5
BRDA:39,3,0,1
BRDA:41,4,0,5
BRDA:42,5,0,5
BRDA:45,6,0,1
BRDA:46,7,0,6
BRDA:52,8,0,12
BRDA:58,9,0,0
BRF:10
BRH:9
end_of_record
TN:
SF:src\Progress\index.tsx
FN:10,Progress
FNF:1
FNH:1
FNDA:5,Progress
DA:1,1
DA:2,1
DA:3,1
DA:4,1
DA:5,1
DA:6,1
DA:7,1
DA:8,1
DA:9,1
DA:10,1
DA:11,5
DA:12,5
DA:13,5
DA:14,5
DA:15,5
DA:16,5
DA:17,5
DA:18,5
DA:19,5
DA:20,5
DA:21,5
DA:22,5
DA:23,4
DA:24,5
DA:25,5
DA:26,5
DA:27,5
DA:28,5
DA:29,5
DA:30,1
DA:31,1
DA:32,1
DA:33,1
DA:34,1
DA:35,1
DA:36,1
LF:36
LH:36
BRDA:10,0,0,5
BRDA:22,1,0,4
BRDA:24,2,0,1
BRF:3
BRH:3
end_of_record
TN:
SF:src\Space\index.tsx
FN:31,Space
FNF:1
FNH:1
FNDA:5,Space
DA:1,1
DA:2,1
DA:3,1
DA:4,1
DA:5,1
DA:6,1
DA:7,1
DA:8,1
DA:9,1
DA:10,1
DA:11,1
DA:12,1
DA:13,1
DA:14,1
DA:15,1
DA:16,1
DA:17,1
DA:18,1
DA:19,1
DA:20,1
DA:21,1
DA:22,1
DA:23,1
DA:24,1
DA:25,1
DA:26,1
DA:27,1
DA:28,1
DA:29,1
DA:30,1
DA:31,1
DA:32,5
DA:33,5
DA:34,5
DA:35,5
DA:36,5
DA:37,5
DA:38,5
DA:39,5
DA:40,5
DA:41,5
DA:42,5
DA:43,5
DA:44,5
DA:45,5
DA:46,5
DA:47,5
DA:48,5
DA:49,5
DA:50,5
DA:51,5
DA:52,5
DA:53,0
DA:54,5
DA:55,5
DA:56,5
DA:57,5
DA:58,5
DA:59,1
DA:60,1
DA:61,1
DA:62,1
DA:63,1
DA:64,1
DA:65,1
DA:66,1
DA:67,1
LF:67
LH:66
BRDA:4,0,0,1
BRDA:10,1,0,1
BRDA:15,2,0,1
BRDA:31,3,0,5
BRDA:35,4,0,4
BRDA:36,5,0,1
BRDA:37,6,0,4
BRDA:48,7,0,5
BRDA:52,8,0,0
BRF:9
BRH:8
end_of_record
TN:
SF:src\Switch\index.tsx
FN:9,Switch
FN:18,onClick
FNF:2
FNH:2
FNDA:4,Switch
FNDA:1,onClick
DA:1,1
DA:2,1
DA:3,1
DA:4,1
DA:5,1
DA:6,1
DA:7,1
DA:8,1
DA:9,1
DA:10,4
DA:11,4
DA:12,4
DA:13,4
DA:14,4
DA:15,4
DA:16,4
DA:17,4
DA:18,4
DA:19,1
DA:20,1
DA:21,1
DA:22,4
DA:23,4
DA:24,4
DA:25,4
DA:26,4
DA:27,4
DA:28,4
DA:29,4
DA:30,4
DA:31,4
DA:32,4
DA:33,4
DA:34,1
DA:35,1
DA:36,1
DA:37,1
DA:38,1
DA:39,1
DA:40,1
LF:40
LH:40
BRDA:9,0,0,4
BRDA:25,1,0,1
BRDA:25,2,0,2
BRDA:18,3,0,1
BRF:4
BRH:4
end_of_record
TN:
SF:src\Transition\index.tsx
FN:12,Transition
FNF:1
FNH:1
FNDA:6,Transition
DA:1,1
DA:2,1
DA:3,1
DA:4,1
DA:5,1
DA:6,1
DA:7,1
DA:8,1
DA:9,1
DA:10,1
DA:11,1
DA:12,1
DA:13,6
DA:14,6
DA:15,6
DA:16,6
DA:17,6
DA:18,6
DA:19,6
DA:20,6
DA:21,6
DA:22,6
DA:23,6
DA:24,6
DA:25,6
DA:26,6
DA:27,6
DA:28,1
DA:29,1
DA:30,1
DA:31,1
DA:32,1
DA:33,1
LF:33
LH:33
BRDA:12,0,0,6
BRDA:21,1,0,0
BRF:2
BRH:1
end_of_record
TN:
SF:src\TreeSelect\SelectBox.tsx
FN:22,CheckBox
FNF:1
FNH:1
FNDA:48,CheckBox
DA:1,1
DA:2,1
DA:3,1
DA:4,1
DA:5,1
DA:6,1
DA:7,1
DA:8,1
DA:9,1
DA:10,1
DA:11,1
DA:12,1
DA:13,1
DA:14,1
DA:15,1
DA:16,1
DA:17,1
DA:18,1
DA:19,1
DA:20,1
DA:21,1
DA:22,48
DA:23,48
DA:24,48
DA:25,48
DA:26,48
DA:27,48
DA:28,48
DA:29,48
DA:30,48
DA:31,48
DA:32,48
DA:33,8
DA:34,0
DA:35,8
DA:36,8
DA:37,8
DA:38,48
DA:39,1
DA:40,40
DA:41,39
DA:42,48
DA:43,48
DA:44,48
DA:45,48
DA:46,1
DA:47,1
LF:47
LH:46
BRDA:11,0,0,1
BRDA:22,1,0,48
BRDA:32,2,0,8
BRDA:33,3,0,0
BRDA:38,4,0,40
BRDA:38,5,0,1
BRDA:40,6,0,39
BRF:7
BRH:6
end_of_record
TN:
SF:src\TreeSelect\index.tsx
FN:36,TreeSelect
FN:71,getTopPos
FN:79,getLeftPos
FN:103,traverse
FN:126,handleExpand
FN:137,handleSelect
FN:153,deliverNode
FN:175,renderTree
FN:185,onClick
FN:200,onClick
FN:217,onClick
FN:249,deleteItem
FN:257,showTree
FNF:13
FNH:10
FNDA:12,TreeSelect
FNDA:12,getTopPos
FNDA:12,getLeftPos
FNDA:20,traverse
FNDA:1,handleExpand
FNDA:1,handleSelect
FNDA:48,deliverNode
FNDA:48,renderTree
FNDA:0,onClick
FNDA:1,onClick
FNDA:1,onClick
FNDA:0,deleteItem
FNDA:0,showTree
DA:1,1
DA:2,1
DA:3,1
DA:4,1
DA:5,1
DA:6,1
DA:7,1
DA:8,1
DA:9,1
DA:10,1
DA:11,1
DA:12,1
DA:13,1
DA:14,1
DA:15,1
DA:16,1
DA:17,1
DA:18,1
DA:19,1
DA:20,1
DA:21,1
DA:22,1
DA:23,1
DA:24,1
DA:25,1
DA:26,1
DA:27,1
DA:28,1
DA:29,1
DA:30,1
DA:31,1
DA:32,1
DA:33,1
DA:34,1
DA:35,1
DA:36,12
DA:37,12
DA:38,12
DA:39,12
DA:40,12
DA:41,12
DA:42,12
DA:43,12
DA:44,12
DA:45,12
DA:46,12
DA:47,12
DA:48,12
DA:49,12
DA:50,12
DA:51,12
DA:52,12
DA:53,12
DA:54,12
DA:55,12
DA:56,12
DA:57,12
DA:58,12
DA:59,12
DA:60,12
DA:61,12
DA:62,12
DA:63,12
DA:64,12
DA:65,12
DA:66,12
DA:67,12
DA:68,12
DA:69,12
DA:70,12
DA:71,12
DA:72,12
DA:73,7
DA:74,7
DA:75,0
DA:76,0
DA:77,12
DA:78,12
DA:79,12
DA:80,12
DA:81,7
DA:82,7
DA:83,0
DA:84,0
DA:85,7
DA:86,0
DA:87,0
DA:88,7
DA:89,7
DA:90,12
DA:91,12
DA:92,12
DA:93,12
DA:94,12
DA:95,12
DA:96,5
DA:97,5
DA:98,5
DA:99,5
DA:100,5
DA:101,5
DA:102,5
DA:103,5
DA:104,20
DA:105,0
DA:106,0
DA:107,20
DA:108,0
DA:109,0
DA:110,20
DA:111,5
DA:112,10
DA:113,5
DA:114,5
DA:115,5
DA:116,5
DA:117,5
DA:118,10
DA:119,5
DA:120,5
DA:121,5
DA:122,5
DA:123,12
DA:124,12
DA:125,12
DA:126,12
DA:127,1
DA:128,1
DA:129,0
DA:130,1
DA:131,1
DA:132,1
DA:133,1
DA:134,12
DA:135,12
DA:136,12
DA:137,12
DA:138,1
DA:139,1
DA:140,1
DA:141,0
DA:142,0
DA:143,0
DA:144,0
DA:145,0
DA:146,0
DA:147,0
DA:148,0
DA:149,0
DA:150,12
DA:151,12
DA:152,12
DA:153,12
DA:154,48
DA:155,48
DA:156,4
DA:157,48
DA:158,12
DA:159,12
DA:160,12
DA:161,12
DA:162,11
DA:163,3
DA:164,3
DA:165,12
DA:166,12
DA:167,12
DA:168,12
DA:169,11
DA:170,0
DA:171,0
DA:172,12
DA:173,12
DA:174,12
DA:175,12
DA:176,48
DA:177,48
DA:178,48
DA:179,48
DA:180,48
DA:181,48
DA:182,48
DA:183,48
DA:184,48
DA:185,48
DA:186,48
DA:187,48
DA:188,12
DA:189,1
DA:190,12
DA:191,11
DA:192,12
DA:193,48
DA:194,36
DA:195,48
DA:196,48
DA:197,48
DA:198,48
DA:199,48
DA:200,48
DA:201,1
DA:202,1
DA:203,48
DA:204,48
DA:205,48
DA:206,48
DA:207,48
DA:208,48
DA:209,48
DA:210,48
DA:211,48
DA:212,48
DA:213,48
DA:214,48
DA:215,48
DA:216,48
DA:217,48
DA:218,1
DA:219,1
DA:220,48
DA:221,48
DA:222,48
DA:223,48
DA:224,48
DA:225,48
DA:226,12
DA:227,12
DA:228,12
DA:229,12
DA:230,12
DA:231,12
DA:232,12
DA:233,12
DA:234,48
DA:235,48
DA:236,48
DA:237,12
DA:238,12
DA:239,12
DA:240,12
DA:241,12
DA:242,12
DA:243,12
DA:244,12
DA:245,12
DA:246,12
DA:247,12
DA:248,12
DA:249,12
DA:250,0
DA:251,0
DA:252,0
DA:253,0
DA:254,0
DA:255,0
DA:256,12
DA:257,12
DA:258,0
DA:259,12
DA:260,12
DA:261,12
DA:262,12
DA:263,12
DA:264,12
DA:265,12
DA:266,12
DA:267,12
DA:268,12
DA:269,12
DA:270,12
DA:271,12
DA:272,1
DA:273,1
DA:274,1
DA:275,1
DA:276,1
DA:277,1
DA:278,1
DA:279,1
DA:280,1
DA:281,1
DA:282,1
DA:283,1
DA:284,1
DA:285,1
DA:286,1
LF:286
LH:257
BRDA:15,0,0,1
BRDA:36,1,0,12
BRDA:61,2,0,2
BRDA:61,3,0,10
BRDA:261,4,0,0
BRDA:71,5,0,12
BRDA:72,6,0,7
BRDA:72,7,0,7
BRDA:75,8,0,0
BRDA:79,9,0,12
BRDA:80,10,0,7
BRDA:80,11,0,7
BRDA:82,12,0,0
BRDA:85,13,0,0
BRDA:95,14,0,5
BRDA:103,15,0,20
BRDA:104,16,0,0
BRDA:107,17,0,0
BRDA:107,18,0,0
BRDA:110,19,0,5
BRDA:111,20,0,10
BRDA:117,21,0,10
BRDA:126,22,0,1
BRDA:128,23,0,0
BRDA:137,24,0,1
BRDA:140,25,0,0
BRDA:153,26,0,48
BRDA:155,27,0,4
BRDA:161,28,0,11
BRDA:162,29,0,3
BRDA:168,30,0,11
BRDA:169,31,0,0
BRDA:175,32,0,48
BRDA:187,33,0,12
BRDA:187,34,0,12
BRDA:188,35,0,1
BRDA:190,36,0,11
BRDA:193,37,0,36
BRDA:196,38,0,0
BRDA:212,39,0,0
BRDA:225,40,0,12
BRDA:225,41,0,12
BRDA:234,42,0,36
BRDA:200,43,0,1
BRDA:217,44,0,1
BRDA:232,45,0,24
BRDA:267,46,0,24
BRF:47
BRH:35
end_of_record
TN:
SF:src\TreeSelect\treeSelectInput.tsx
FN:23,TreeSelectInput
FN:41,randerInput
FN:48,onClick
FN:72,onClick
FNF:4
FNH:2
FNDA:12,TreeSelectInput
FNDA:12,randerInput
FNDA:0,onClick
FNDA:0,onClick
DA:1,1
DA:2,1
DA:3,1
DA:4,1
DA:5,1
DA:6,1
DA:7,1
DA:8,1
DA:9,1
DA:10,1
DA:11,1
DA:12,1
DA:13,1
DA:14,1
DA:15,1
DA:16,1
DA:17,1
DA:18,1
DA:19,1
DA:20,1
DA:21,1
DA:22,1
DA:23,12
DA:24,12
DA:25,12
DA:26,12
DA:27,12
DA:28,12
DA:29,12
DA:30,12
DA:31,12
DA:32,12
DA:33,12
DA:34,12
DA:35,12
DA:36,12
DA:37,12
DA:38,12
DA:39,12
DA:40,12
DA:41,12
DA:42,12
DA:43,1
DA:44,1
DA:45,1
DA:46,1
DA:47,1
DA:48,1
DA:49,0
DA:50,1
DA:51,1
DA:52,1
DA:53,1
DA:54,12
DA:55,12
DA:56,12
DA:57,12
DA:58,12
DA:59,12
DA:60,12
DA:61,12
DA:62,12
DA:63,12
DA:64,12
DA:65,12
DA:66,12
DA:67,11
DA:68,12
DA:69,12
DA:70,12
DA:71,12
DA:72,12
DA:73,0
DA:74,0
DA:75,12
DA:76,12
DA:77,12
DA:78,12
DA:79,12
DA:80,1
DA:81,1
DA:82,1
DA:83,1
DA:84,1
DA:85,1
DA:86,1
DA:87,1
DA:88,1
LF:88
LH:85
BRDA:23,0,0,12
BRDA:66,1,0,11
BRDA:41,2,0,12
BRDA:42,3,0,1
BRF:4
BRH:4
end_of_record
TN:
SF:src\Upload\dragger.tsx
FN:11,Dragger
FN:17,handleDrop
FN:23,handleDrag
FN:30,onDragOver
FN:31,onDragLeave
FNF:5
FNH:5
FNDA:8,Dragger
FNDA:1,handleDrop
FNDA:2,handleDrag
FNDA:1,onDragOver
FNDA:1,onDragLeave
DA:1,1
DA:2,1
DA:3,1
DA:4,1
DA:5,1
DA:6,1
DA:7,1
DA:8,1
DA:9,1
DA:10,1
DA:11,1
DA:12,8
DA:13,8
DA:14,8
DA:15,8
DA:16,8
DA:17,8
DA:18,1
DA:19,1
DA:20,1
DA:21,1
DA:22,1
DA:23,8
DA:24,2
DA:25,2
DA:26,2
DA:27,8
DA:28,8
DA:29,8
DA:30,8
DA:31,8
DA:32,8
DA:33,8
DA:34,8
DA:35,8
DA:36,8
DA:37,8
DA:38,1
DA:39,1
LF:39
LH:39
BRDA:11,0,0,8
BRDA:17,1,0,1
BRDA:20,2,0,0
BRDA:23,3,0,2
BRDA:30,4,0,1
BRDA:31,5,0,1
BRF:6
BRH:5
end_of_record
TN:
SF:src\Upload\index.tsx
FN:37,Upload
FN:58,updateFileList
FN:69,handleClick
FN:74,handleFileChange
FN:84,handleRemove
FN:92,uploadFiles
FN:109,post
FN:139,onUploadProgress
FN:175,onFile
FNF:9
FNH:7
FNDA:6,Upload
FNDA:2,updateFileList
FNDA:0,handleClick
FNDA:1,handleFileChange
FNDA:1,handleRemove
FNDA:2,uploadFiles
FNDA:2,post
FNDA:0,onUploadProgress
FNDA:1,onFile
DA:1,1
DA:2,1
DA:3,1
DA:4,1
DA:5,1
DA:6,1
DA:7,1
DA:8,1
DA:9,1
DA:10,1
DA:11,1
DA:12,1
DA:13,1
DA:14,1
DA:15,1
DA:16,1
DA:17,1
DA:18,1
DA:19,1
DA:20,1
DA:21,1
DA:22,1
DA:23,1
DA:24,1
DA:25,1
DA:26,1
DA:27,1
DA:28,1
DA:29,1
DA:30,1
DA:31,1
DA:32,1
DA:33,1
DA:34,1
DA:35,1
DA:36,1
DA:37,1
DA:38,6
DA:39,6
DA:40,6
DA:41,6
DA:42,6
DA:43,6
DA:44,6
DA:45,6
DA:46,6
DA:47,6
DA:48,6
DA:49,6
DA:50,6
DA:51,6
DA:52,6
DA:53,6
DA:54,6
DA:55,6
DA:56,6
DA:57,6
DA:58,6
DA:59,2
DA:60,1
DA:61,1
DA:62,1
DA:63,1
DA:64,0
DA:65,0
DA:66,1
DA:67,2
DA:68,2
DA:69,6
DA:70,0
DA:71,0
DA:72,0
DA:73,0
DA:74,6
DA:75,1
DA:76,1
DA:77,0
DA:78,0
DA:79,1
DA:80,1
DA:81,1
DA:82,1
DA:83,1
DA:84,6
DA:85,1
DA:86,2
DA:87,1
DA:88,1
DA:89,1
DA:90,1
DA:91,1
DA:92,6
DA:93,2
DA:94,2
DA:95,2
DA:96,2
DA:97,2
DA:98,0
DA:99,0
DA:100,0
DA:101,0
DA:102,0
DA:103,0
DA:104,0
DA:105,0
DA:106,0
DA:107,2
DA:108,2
DA:109,6
DA:110,2
DA:111,2
DA:112,2
DA:113,2
DA:114,2
DA:115,2
DA:116,2
DA:117,2
DA:118,2
DA:119,2
DA:120,2
DA:121,2
DA:122,2
DA:123,2
DA:124,2
DA:125,0
DA:126,0
DA:127,0
DA:128,0
DA:129,2
DA:130,0
DA:131,0
DA:132,0
DA:133,2
DA:134,2
DA:135,2
DA:136,2
DA:137,2
DA:138,2
DA:139,2
DA:140,0
DA:141,0
DA:142,0
DA:143,0
DA:144,0
DA:145,0
DA:146,0
DA:147,0
DA:148,2
DA:149,2
DA:150,2
DA:151,2
DA:152,2
DA:153,2
DA:154,2
DA:155,2
DA:156,2
DA:157,0
DA:158,0
DA:159,0
DA:160,0
DA:161,0
DA:162,0
DA:163,0
DA:164,2
DA:165,2
DA:166,6
DA:167,6
DA:168,6
DA:169,6
DA:170,6
DA:171,6
DA:172,6
DA:173,6
DA:174,6
DA:175,6
DA:176,6
DA:177,6
DA:178,0
DA:179,6
DA:180,6
DA:181,6
DA:182,6
DA:183,6
DA:184,6
DA:185,6
DA:186,6
DA:187,6
DA:188,6
DA:189,6
DA:190,6
DA:191,6
DA:192,6
DA:193,6
DA:194,6
DA:195,6
DA:196,6
DA:197,6
DA:198,1
DA:199,1
DA:200,1
DA:201,1
DA:202,1
LF:202
LH:162
BRDA:37,0,0,6
BRDA:177,1,0,0
BRDA:58,2,0,2
BRDA:59,3,0,1
BRDA:60,4,0,1
BRDA:63,5,0,0
BRDA:74,6,0,1
BRDA:76,7,0,0
BRDA:84,8,0,1
BRDA:85,9,0,2
BRDA:86,10,0,2
BRDA:92,11,0,2
BRDA:94,12,0,2
BRDA:97,13,0,0
BRDA:109,14,0,2
BRDA:123,15,0,0
BRDA:124,16,0,0
BRDA:129,17,0,0
BRDA:119,18,0,2
BRDA:148,19,0,2
BRDA:175,20,0,1
BRF:21
BRH:14
end_of_record
TN:
SF:src\Upload\uploadList.tsx
FN:10,UploadList
FN:31,onClick
FNF:2
FNH:2
FNDA:6,UploadList
FNDA:1,onClick
DA:1,1
DA:2,1
DA:3,1
DA:4,1
DA:5,1
DA:6,1
DA:7,1
DA:8,1
DA:9,1
DA:10,1
DA:11,6
DA:12,6
DA:13,6
DA:14,6
DA:15,6
DA:16,6
DA:17,6
DA:18,6
DA:19,2
DA:20,2
DA:21,2
DA:22,2
DA:23,2
DA:24,2
DA:25,2
DA:26,2
DA:27,2
DA:28,2
DA:29,2
DA:30,2
DA:31,2
DA:32,2
DA:33,2
DA:34,0
DA:35,0
DA:36,2
DA:37,2
DA:38,2
DA:39,2
DA:40,6
DA:41,6
DA:42,6
DA:43,6
DA:44,6
DA:45,1
DA:46,1
LF:46
LH:44
BRDA:10,0,0,6
BRDA:18,1,0,2
BRDA:27,2,0,0
BRDA:28,3,0,0
BRDA:33,4,0,0
BRDA:31,5,0,1
BRF:6
BRH:3
end_of_record
TN:
SF:src\hooks\useClickOutside.tsx
FN:3,useClickOutside
FN:5,listener
FNF:2
FNH:2
FNDA:20,useClickOutside
FNDA:1,listener
DA:1,1
DA:2,1
DA:3,20
DA:4,20
DA:5,20
DA:6,1
DA:7,1
DA:8,1
DA:9,0
DA:10,0
DA:11,20
DA:12,20
DA:13,20
DA:14,20
DA:15,20
DA:16,20
DA:17,1
DA:18,1
LF:18
LH:16
BRDA:3,0,0,20
BRDA:4,1,0,20
BRDA:5,2,0,1
BRDA:9,3,0,0
BRDA:12,4,0,20
BRF:5
BRH:4
end_of_record
TN:
SF:src\hooks\useDebounce.tsx
FN:3,useDebounce
FNF:1
FNH:1
FNDA:20,useDebounce
DA:1,1
DA:2,1
DA:3,20
DA:4,20
DA:5,20
DA:6,8
DA:7,3
DA:8,8
DA:9,8
DA:10,8
DA:11,8
DA:12,20
DA:13,20
DA:14,20
DA:15,1
DA:16,1
LF:16
LH:16
BRDA:3,0,0,20
BRDA:5,1,0,8
BRDA:6,2,0,3
BRDA:9,3,0,8
BRF:4
BRH:4
end_of_record
